1 0
1 1
1 2
1 3
1 4
1 5
2 6
3 7
3 8
4 9
5 10
6 11
7 12
7 13
7 14
7 15
7 16
7 17
8 18
8 19
9 20
10 21
11 22
11 23
11 24
12 25
13 26
13 27
13 28
14 29
14 30
14 31
14 32
15 33
16 34
16 35
16 36
17 37
17 38
17 39
17 40
17 41
17 42
18 43
18 44
18 45
19 46
20 47
21 48
21 49
22 50
22 51
23 52
23 53
23 54
23 55
24 56
24 57
25 58
26 59
26 60
27 61
27 62
28 63
28 64
28 65
28 66
29 67
30 68
30 69
30 70
30 71
30 72
30 73
31 74
31 75
32 76
32 77
33 78
33 79
33 80
34 81
34 82
35 83
35 84
36 85
37 86
38 87
39 88
40 89
41 90
41 91
41 92
41 93
41 94
41 95
41 96
42 97
42 98
43 99
43 100
44 101
45 102
45 103
45 104
46 105
46 106
47 107
48 108
49 109
49 110
49 111
49 112
49 113
50 114
50 115
50 116
50 117
50 118
51 119
51 120
51 121
51 122
51 123
52 124
53 125
54 126
55 127
55 128
55 129
56 130
56 131
56 132
56 133
56 134
57 135
57 136
58 137
58 138
58 139
58 140
58 141
59 142
59 143
60 144
60 145
61 146
62 147
62 148
62 149
62 150
63 151
63 152
64 153
64 154
65 155
66 156
66 157
66 158
67 159
67 160
67 161
67 162
67 163
68 164
69 165
69 166
69 167
69 168
69 169
70 170
70 171
71 172
72 173
72 174
72 175
72 176
73 177
73 178
74 179
74 180
75 181
75 182
75 183
75 184
76 185
76 186
76 187
76 188
77 189
77 190
77 191
77 192
77 193
77 194
77 195
78 196
78 197
78 198
78 199
79 200
80 201
80 202
80 203
81 204
82 205
82 206
82 207
83 208
83 209
84 210
84 211
84 212
84 213
85 214
85 215
86 216
86 217
86 218
86 219
87 220
88 221
88 222
88 223
89 224
89 225
89 226
89 227
89 228
89 229
89 230
90 231
91 232
92 233
92 234
92 235
92 236
92 237
92 238
93 239
94 240
94 241
95 242
95 243
95 244
95 245
96 246
96 247
96 248
97 249
98 250
98 251
98 252
98 253
98 254
99 255
99 256
99 257
100 258
100 259
101 260
101 261
102 262
102 263
103 264
103 265
103 266
104 267
104 268
105 269
105 270
105 271
106 272
107 273
107 274
107 275
107 276
108 277
108 278
108 279
108 280
108 281
108 282
108 283
108 284
108 285
108 286
109 287
110 288
111 289
111 290
112 291
112 292
112 293
113 294
114 295
115 296
116 297
117 298
117 299
118 300
119 301
120 302
121 303
122 304
122 305
123 306
123 307
124 308
124 309
124 310
124 311
124 312
124 313
124 314
124 315
125 316
126 317
126 318
126 319
126 320
127 321
127 322
128 323
128 324
128 325
128 326
128 327
128 328
128 329
128 330
129 331
129 332
129 333
129 334
129 335
129 336
129 337
129 338
129 339
130 340
131 341
131 342
132 343
132 344
132 345
132 346
132 347
132 348
132 349
133 350
134 351
135 352
135 353
136 354
137 355
138 356
138 357
139 358
139 359
139 360
140 361
140 362
140 363
140 364
141 365
141 366
141 367
141 368
141 369
142 370
142 371
142 372
142 373
142 374
142 375
143 376
144 377
145 378
145 379
146 380
147 381
147 382
148 383
148 384
148 385
148 386
148 387
149 388
150 389
150 390
150 391
150 392
151 393
151 394
152 395
152 396
153 397
153 398
154 399
155 400
156 401
157 402
157 403
157 404
158 405
158 406
158 407
159 408
159 409
160 410
161 411
162 412
163 413
163 414
164 415
164 416
164 417
165 418
165 419
165 420
165 421
165 422
165 423
165 424
165 425
165 426
166 427
167 428
167 429
167 430
168 431
168 432
168 433
169 434
169 435
169 436
169 437
169 438
169 439
170 440
170 441
171 442
172 443
172 444
173 445
173 446
174 447
174 448
174 449
175 450
175 451
176 452
177 453
177 454
178 455
179 456
179 457
180 458
180 459
180 460
181 461
181 462
181 463
182 464
182 465
182 466
183 467
184 468
184 469
184 470
185 471
186 472
186 473
186 474
187 475
187 476
187 477
187 478
188 479
188 480
188 481
189 482
189 483
189 484
190 485
190 486
191 487
192 488
192 489
193 490
193 491
193 492
193 493
194 494
194 495
195 496
195 497
195 498
195 499
195 500
195 501
195 502
196 503
196 504
196 505
196 506
197 507
197 508
198 509
198 510
198 511
198 512
198 513
198 514
198 515
199 516
199 517
200 518
200 519
200 520
201 521
201 522
202 523
202 524
202 525
202 526
202 527
202 528
202 529
203 530
203 531
203 532
204 533
204 534
204 535
205 536
206 537
207 538
208 539
208 540
208 541
209 542
209 543
210 544
211 545
211 546
212 547
213 548
214 549
214 550
214 551
214 552
214 553
215 554
215 555
215 556
215 557
215 558
216 559
216 560
217 561
217 562
217 563
217 564
217 565
217 566
217 567
218 568
218 569
218 570
219 571
219 572
219 573
219 574
219 575
219 576
219 577
219 578
219 579
219 580
220 581
221 582
222 583
222 584
222 585
222 586
223 587
223 588
223 589
223 590
223 591
223 592
223 593
224 594
225 595
225 596
226 597
226 598
227 599
228 600
228 601
229 602
229 603
229 604
230 605
230 606
230 607
230 608
230 609
231 610
231 611
231 612
231 613
231 614
231 615
232 616
232 617
232 618
232 619
233 620
233 621
233 622
234 623
235 624
236 625
236 626
237 627
237 628
237 629
238 630
239 631
240 632
240 633
241 634
242 635
242 636
242 637
243 638
244 639
244 640
244 641
245 642
245 643
246 644
246 645
246 646
246 647
246 648
246 649
246 650
247 651
247 652
247 653
247 654
248 655
248 656
248 657
248 658
248 659
249 660
249 661
249 662
250 663
250 664
251 665
251 666
251 667
252 668
252 669
252 670
253 671
253 672
254 673
254 674
255 675
255 676
255 677
255 678
255 679
255 680
255 681
256 682
256 683
257 684
258 685
258 686
259 687
259 688
260 689
261 690
261 691
261 692
261 693
261 694
261 695
262 696
263 697
263 698
263 699
263 700
263 701
263 702
264 703
264 704
264 705
264 706
264 707
264 708
264 709
264 710
264 711
264 712
264 713
265 714
265 715
265 716
265 717
265 718
266 719
266 720
266 721
266 722
267 723
267 724
268 725
269 726
270 727
270 728
271 729
271 730
271 731
272 732
273 733
273 734
273 735
274 736
275 737
275 738
275 739
275 740
276 741
277 742
277 743
277 744
277 745
277 746
278 747
278 748
278 749
279 750
279 751
279 752
280 753
281 754
281 755
281 756
281 757
281 758
282 759
283 760
284 761
285 762
286 763
287 764
287 765
287 766
287 767
288 768
289 769
290 770
290 771
291 772
292 773
293 774
294 775
294 776
295 777
296 778
296 779
297 780
297 781
298 782
299 783
300 784
300 785
300 786
300 787
301 788
301 789
301 790
302 791
303 792
304 793
304 794
304 795
305 796
305 797
305 798
305 799
305 800
305 801
306 802
306 803
306 804
307 805
308 806
308 807
308 808
308 809
309 810
310 811
310 812
310 813
311 814
312 815
312 816
313 817
314 818
314 819
314 820
315 821
315 822
315 823
315 824
316 825
317 826
317 827
317 828
317 829
318 830
318 831
318 832
318 833
319 834
320 835
320 836
320 837
320 838
320 839
320 840
321 841
321 842
321 843
322 844
323 845
324 846
324 847
324 848
324 849
325 850
326 851
327 852
327 853
328 854
329 855
329 856
329 857
329 858
329 859
330 860
330 861
331 862
331 863
332 864
333 865
333 866
333 867
334 868
334 869
334 870
335 871
335 872
335 873
335 874
335 875
335 876
336 877
337 878
337 879
338 880
339 881
340 882
340 883
340 884
341 885
341 886
341 887
342 888
342 889
342 890
343 891
343 892
344 893
344 894
344 895
345 896
346 897
346 898
347 899
347 900
348 901
348 902
348 903
348 904
349 905
349 906
350 907
350 908
350 909
351 910
351 911
351 912
352 913
352 914
353 915
354 916
354 917
354 918
355 919
355 920
355 921
355 922
355 923
356 924
356 925
356 926
357 927
358 928
359 929
359 930
360 931
360 932
361 933
362 934
362 935
363 936
363 937
363 938
364 939
364 940
364 941
365 942
365 943
365 944
365 945
365 946
366 947
366 948
366 949
366 950
367 951
368 952
369 953
370 954
371 955
372 956
373 957
374 958
374 959
375 960
375 961
375 962
375 963
375 964
376 965
376 966
376 967
376 968
376 969
376 970
376 971
376 972
376 973
377 974
377 975
377 976
378 977
378 978
378 979
378 980
378 981
378 982
379 983
379 984
380 985
380 986
381 987
381 988
381 989
381 990
381 991
382 992
383 993
383 994
383 995
383 996
383 997
383 998
384 999
